app/build/intermediates/manifest_merge_blame_file/debug/manifest-merger-blame-debug-report.txt
1<?xml version="1.0" encoding="utf-8"?>
2<manifest xmlns:android="http://schemas.android.com/apk/res/android"
3    package="kr.ac.gachon.recommendate"
4    android:versionCode="1"
5    android:versionName="1.0" >
6
7    <uses-sdk
8        android:minSdkVersion="24"
9        android:targetSdkVersion="34" />
10
11    <uses-permission android:name="android.permission.ACCESS_FINE_LOCATION" />
11-->src/main/AndroidManifest.xml:5:5-78
11-->src/main/AndroidManifest.xml:5:22-76
12    <uses-permission android:name="android.permission.ACCESS_COARSE_LOCATION" />
12-->src/main/AndroidManifest.xml:6:5-80
12-->src/main/AndroidManifest.xml:6:22-78
13    <uses-permission android:name="android.permission.INTERNET" />
13-->src/main/AndroidManifest.xml:7:5-66
13-->src/main/AndroidManifest.xml:7:22-64
14    <uses-permission android:name="android.permission.ACCESS_NETWORK_STATE" />
14-->[com.google.firebase:firebase-auth:23.0.0] AndroidManifest.xml:26:5-79
14-->[com.google.firebase:firebase-auth:23.0.0] AndroidManifest.xml:26:22-76
15
16    <uses-feature
16-->[com.google.android.gms:play-services-maps:18.2.0] AndroidManifest.xml:26:5-28:35
17        android:glEsVersion="0x00020000"
17-->[com.google.android.gms:play-services-maps:18.2.0] AndroidManifest.xml:27:9-41
18        android:required="true" />
18-->[com.google.android.gms:play-services-maps:18.2.0] AndroidManifest.xml:28:9-32
19
20    <queries>
20-->[com.google.android.gms:play-services-maps:18.2.0] AndroidManifest.xml:30:5-34:15
21
22        <!-- Needs to be explicitly declared on Android R+ -->
23        <package android:name="com.google.android.apps.maps" />
23-->[com.google.android.gms:play-services-maps:18.2.0] AndroidManifest.xml:33:9-64
23-->[com.google.android.gms:play-services-maps:18.2.0] AndroidManifest.xml:33:18-61
24    </queries>
25
26    <uses-permission android:name="android.permission.WAKE_LOCK" />
26-->[com.google.android.gms:play-services-measurement-api:22.0.0] AndroidManifest.xml:24:5-68
26-->[com.google.android.gms:play-services-measurement-api:22.0.0] AndroidManifest.xml:24:22-65
27    <uses-permission android:name="com.google.android.gms.permission.AD_ID" />
27-->[com.google.android.gms:play-services-measurement-api:22.0.0] AndroidManifest.xml:25:5-79
27-->[com.google.android.gms:play-services-measurement-api:22.0.0] AndroidManifest.xml:25:22-76
28    <uses-permission android:name="android.permission.ACCESS_ADSERVICES_ATTRIBUTION" />
28-->[com.google.android.gms:play-services-measurement-api:22.0.0] AndroidManifest.xml:26:5-88
28-->[com.google.android.gms:play-services-measurement-api:22.0.0] AndroidManifest.xml:26:22-85
29    <uses-permission android:name="android.permission.ACCESS_ADSERVICES_AD_ID" />
29-->[com.google.android.gms:play-services-measurement-api:22.0.0] AndroidManifest.xml:27:5-82
29-->[com.google.android.gms:play-services-measurement-api:22.0.0] AndroidManifest.xml:27:22-79
30    <uses-permission android:name="com.google.android.providers.gsf.permission.READ_GSERVICES" />
30-->[com.google.android.recaptcha:recaptcha:18.4.0] AndroidManifest.xml:9:5-98
30-->[com.google.android.recaptcha:recaptcha:18.4.0] AndroidManifest.xml:9:22-95
31    <uses-permission android:name="com.google.android.finsky.permission.BIND_GET_INSTALL_REFERRER_SERVICE" />
31-->[com.google.android.gms:play-services-measurement:22.0.0] AndroidManifest.xml:26:5-110
31-->[com.google.android.gms:play-services-measurement:22.0.0] AndroidManifest.xml:26:22-107
32
33    <permission
33-->[androidx.core:core:1.9.0] AndroidManifest.xml:22:5-24:47
34        android:name="kr.ac.gachon.recommendate.DYNAMIC_RECEIVER_NOT_EXPORTED_PERMISSION"
34-->[androidx.core:core:1.9.0] AndroidManifest.xml:23:9-81
35        android:protectionLevel="signature" />
35-->[androidx.core:core:1.9.0] AndroidManifest.xml:24:9-44
36
37    <uses-permission android:name="kr.ac.gachon.recommendate.DYNAMIC_RECEIVER_NOT_EXPORTED_PERMISSION" />
37-->[androidx.core:core:1.9.0] AndroidManifest.xml:26:5-97
37-->[androidx.core:core:1.9.0] AndroidManifest.xml:26:22-94
38
39    <application
39-->src/main/AndroidManifest.xml:9:5-61:19
40        android:allowBackup="true"
40-->src/main/AndroidManifest.xml:10:9-35
41        android:appComponentFactory="androidx.core.app.CoreComponentFactory"
41-->[androidx.core:core:1.9.0] AndroidManifest.xml:28:18-86
42        android:dataExtractionRules="@xml/data_extraction_rules"
42-->src/main/AndroidManifest.xml:11:9-65
43        android:debuggable="true"
44        android:extractNativeLibs="false"
45        android:fullBackupContent="@xml/backup_rules"
45-->src/main/AndroidManifest.xml:12:9-54
46        android:icon="@mipmap/ic_launcher"
46-->src/main/AndroidManifest.xml:13:9-43
47        android:label="@string/app_name"
47-->src/main/AndroidManifest.xml:14:9-41
48        android:roundIcon="@mipmap/ic_launcher_round"
48-->src/main/AndroidManifest.xml:15:9-54
49        android:supportsRtl="true"
49-->src/main/AndroidManifest.xml:16:9-35
50        android:testOnly="true"
51        android:theme="@style/Theme.Recommendate" >
51-->src/main/AndroidManifest.xml:17:9-50
52        <activity
52-->src/main/AndroidManifest.xml:20:9-22:40
53            android:name="kr.ac.gachon.recommendate.MainActivity"
53-->src/main/AndroidManifest.xml:21:13-41
54            android:exported="false" />
54-->src/main/AndroidManifest.xml:22:13-37
55        <activity
55-->src/main/AndroidManifest.xml:23:9-30:20
56            android:name="kr.ac.gachon.recommendate.NaviActivity"
56-->src/main/AndroidManifest.xml:24:13-41
57            android:exported="true" >
57-->src/main/AndroidManifest.xml:25:13-36
58            <intent-filter>
58-->src/main/AndroidManifest.xml:26:13-29:29
59                <action android:name="android.intent.action.VIEW" />
59-->src/main/AndroidManifest.xml:27:17-69
59-->src/main/AndroidManifest.xml:27:25-66
60
61                <category android:name="android.intent.category.DEFAULT" />
61-->src/main/AndroidManifest.xml:28:17-76
61-->src/main/AndroidManifest.xml:28:27-73
62            </intent-filter>
63        </activity>
64
65        <!-- 추천 화면 -->
66        <activity android:name="kr.ac.gachon.recommendate.RecommendActivity" />
66-->src/main/AndroidManifest.xml:33:9-54
66-->src/main/AndroidManifest.xml:33:19-52
67        <activity android:name="kr.ac.gachon.recommendate.TagActivity" />
67-->src/main/AndroidManifest.xml:34:9-48
67-->src/main/AndroidManifest.xml:34:19-46
68        <activity android:name="kr.ac.gachon.recommendate.ResultActivity" />
68-->src/main/AndroidManifest.xml:35:9-51
68-->src/main/AndroidManifest.xml:35:19-49
69        <activity android:name="kr.ac.gachon.recommendate.MyTagActivity" />
69-->src/main/AndroidManifest.xml:36:9-50
69-->src/main/AndroidManifest.xml:36:19-48
70        <activity android:name="kr.ac.gachon.recommendate.LastDatesActivity" />
70-->src/main/AndroidManifest.xml:37:9-54
70-->src/main/AndroidManifest.xml:37:19-52
71
72        <!-- 1. 앱 실행 첫 로그인 -->
73        <activity
73-->src/main/AndroidManifest.xml:40:9-46:20
74            android:name="kr.ac.gachon.recommendate.LoginPage"
74-->src/main/AndroidManifest.xml:40:19-44
75            android:exported="true" >
75-->src/main/AndroidManifest.xml:41:13-36
76            <intent-filter>
76-->src/main/AndroidManifest.xml:42:13-45:29
77                <action android:name="android.intent.action.MAIN" />
77-->src/main/AndroidManifest.xml:43:17-69
77-->src/main/AndroidManifest.xml:43:25-66
78
79                <category android:name="android.intent.category.LAUNCHER" />
79-->src/main/AndroidManifest.xml:44:17-77
79-->src/main/AndroidManifest.xml:44:27-74
80            </intent-filter>
81        </activity>
82        <activity android:name="kr.ac.gachon.recommendate.Register" />
82-->src/main/AndroidManifest.xml:47:9-46
82-->src/main/AndroidManifest.xml:47:19-43
83        <activity android:name="kr.ac.gachon.recommendate.FindPWPage" />
83-->src/main/AndroidManifest.xml:48:9-47
83-->src/main/AndroidManifest.xml:48:19-45
84
85        <!-- nav1. 랭킹Top3 페이지 및 코스 페이지 -->
86        <activity android:name="kr.ac.gachon.recommendate.ShowCourseList" />
86-->src/main/AndroidManifest.xml:51:9-51
86-->src/main/AndroidManifest.xml:51:19-49
87        <activity android:name="kr.ac.gachon.recommendate.CourseDetail" />
87-->src/main/AndroidManifest.xml:52:9-49
87-->src/main/AndroidManifest.xml:52:19-47
88
89        <!-- Google Map Api Key & 지도 페이지 -->
90        <meta-data
91            android:name="com.google.android.geo.API_KEY"
91-->src/main/AndroidManifest.xml:56:13-58
92            android:value="AIzaSyBjJwQBmFDQhdP-nmBmw2JXDvl91OQE4EA" />
92-->src/main/AndroidManifest.xml:57:13-50
93
94        <activity android:name="kr.ac.gachon.recommendate.LocationMap" />
94-->src/main/AndroidManifest.xml:59:9-48
94-->src/main/AndroidManifest.xml:59:19-46
95        <activity
95-->[io.github.ParkSangGwon:tedpermission:3.3.0] AndroidManifest.xml:10:9-14:67
96            android:name="com.gun0912.tedpermission.TedPermissionActivity"
96-->[io.github.ParkSangGwon:tedpermission:3.3.0] AndroidManifest.xml:11:13-75
97            android:configChanges="mcc|mnc|locale|keyboard|keyboardHidden|screenLayout|fontScale|uiMode|orientation|screenSize|layoutDirection"
97-->[io.github.ParkSangGwon:tedpermission:3.3.0] AndroidManifest.xml:12:13-144
98            android:screenOrientation="unspecified"
98-->[io.github.ParkSangGwon:tedpermission:3.3.0] AndroidManifest.xml:13:13-52
99            android:theme="@style/Theme.Transparent.Permission" />
99-->[io.github.ParkSangGwon:tedpermission:3.3.0] AndroidManifest.xml:14:13-64
100
101        <provider
101-->[io.github.ParkSangGwon:tedpermission:3.3.0] AndroidManifest.xml:16:9-19:40
102            android:name="com.gun0912.tedpermission.provider.TedPermissionProvider"
102-->[io.github.ParkSangGwon:tedpermission:3.3.0] AndroidManifest.xml:17:13-84
103            android:authorities="kr.ac.gachon.recommendate.tedpermissionprovider"
103-->[io.github.ParkSangGwon:tedpermission:3.3.0] AndroidManifest.xml:18:13-73
104            android:exported="false" />
104-->[io.github.ParkSangGwon:tedpermission:3.3.0] AndroidManifest.xml:19:13-37
105
106        <service
106-->[com.google.firebase:firebase-auth-ktx:23.0.0] AndroidManifest.xml:8:9-14:19
107            android:name="com.google.firebase.components.ComponentDiscoveryService"
107-->[com.google.firebase:firebase-auth-ktx:23.0.0] AndroidManifest.xml:9:13-84
108            android:directBootAware="true"
108-->[com.google.firebase:firebase-common:21.0.0] AndroidManifest.xml:32:13-43
109            android:exported="false" >
109-->[com.google.firebase:firebase-auth-ktx:23.0.0] AndroidManifest.xml:10:13-37
110            <meta-data
110-->[com.google.firebase:firebase-auth-ktx:23.0.0] AndroidManifest.xml:11:13-13:85
111                android:name="com.google.firebase.components:com.google.firebase.auth.ktx.FirebaseAuthLegacyRegistrar"
111-->[com.google.firebase:firebase-auth-ktx:23.0.0] AndroidManifest.xml:12:17-119
112                android:value="com.google.firebase.components.ComponentRegistrar" />
112-->[com.google.firebase:firebase-auth-ktx:23.0.0] AndroidManifest.xml:13:17-82
113            <meta-data
113-->[com.google.firebase:firebase-auth:23.0.0] AndroidManifest.xml:69:13-71:85
114                android:name="com.google.firebase.components:com.google.firebase.auth.FirebaseAuthRegistrar"
114-->[com.google.firebase:firebase-auth:23.0.0] AndroidManifest.xml:70:17-109
115                android:value="com.google.firebase.components.ComponentRegistrar" />
115-->[com.google.firebase:firebase-auth:23.0.0] AndroidManifest.xml:71:17-82
116            <meta-data
116-->[com.google.firebase:firebase-analytics-ktx:22.0.0] AndroidManifest.xml:11:13-13:85
117                android:name="com.google.firebase.components:com.google.firebase.analytics.ktx.FirebaseAnalyticsLegacyRegistrar"
117-->[com.google.firebase:firebase-analytics-ktx:22.0.0] AndroidManifest.xml:12:17-129
118                android:value="com.google.firebase.components.ComponentRegistrar" />
118-->[com.google.firebase:firebase-analytics-ktx:22.0.0] AndroidManifest.xml:13:17-82
119            <meta-data
119-->[com.google.firebase:firebase-firestore:25.0.0] AndroidManifest.xml:17:13-19:85
120                android:name="com.google.firebase.components:com.google.firebase.firestore.FirebaseFirestoreKtxRegistrar"
120-->[com.google.firebase:firebase-firestore:25.0.0] AndroidManifest.xml:18:17-122
121                android:value="com.google.firebase.components.ComponentRegistrar" />
121-->[com.google.firebase:firebase-firestore:25.0.0] AndroidManifest.xml:19:17-82
122            <meta-data
122-->[com.google.firebase:firebase-firestore:25.0.0] AndroidManifest.xml:20:13-22:85
123                android:name="com.google.firebase.components:com.google.firebase.firestore.FirestoreRegistrar"
123-->[com.google.firebase:firebase-firestore:25.0.0] AndroidManifest.xml:21:17-111
124                android:value="com.google.firebase.components.ComponentRegistrar" />
124-->[com.google.firebase:firebase-firestore:25.0.0] AndroidManifest.xml:22:17-82
125            <meta-data
125-->[com.google.android.gms:play-services-measurement-api:22.0.0] AndroidManifest.xml:37:13-39:85
126                android:name="com.google.firebase.components:com.google.firebase.analytics.connector.internal.AnalyticsConnectorRegistrar"
126-->[com.google.android.gms:play-services-measurement-api:22.0.0] AndroidManifest.xml:38:17-139
127                android:value="com.google.firebase.components.ComponentRegistrar" />
127-->[com.google.android.gms:play-services-measurement-api:22.0.0] AndroidManifest.xml:39:17-82
128            <meta-data
128-->[com.google.firebase:firebase-installations:18.0.0] AndroidManifest.xml:15:13-17:85
129                android:name="com.google.firebase.components:com.google.firebase.installations.FirebaseInstallationsKtxRegistrar"
129-->[com.google.firebase:firebase-installations:18.0.0] AndroidManifest.xml:16:17-130
130                android:value="com.google.firebase.components.ComponentRegistrar" />
130-->[com.google.firebase:firebase-installations:18.0.0] AndroidManifest.xml:17:17-82
131            <meta-data
131-->[com.google.firebase:firebase-installations:18.0.0] AndroidManifest.xml:18:13-20:85
132                android:name="com.google.firebase.components:com.google.firebase.installations.FirebaseInstallationsRegistrar"
132-->[com.google.firebase:firebase-installations:18.0.0] AndroidManifest.xml:19:17-127
133                android:value="com.google.firebase.components.ComponentRegistrar" />
133-->[com.google.firebase:firebase-installations:18.0.0] AndroidManifest.xml:20:17-82
134            <meta-data
134-->[com.google.firebase:firebase-common-ktx:21.0.0] AndroidManifest.xml:12:13-14:85
135                android:name="com.google.firebase.components:com.google.firebase.ktx.FirebaseCommonLegacyRegistrar"
135-->[com.google.firebase:firebase-common-ktx:21.0.0] AndroidManifest.xml:13:17-116
136                android:value="com.google.firebase.components.ComponentRegistrar" />
136-->[com.google.firebase:firebase-common-ktx:21.0.0] AndroidManifest.xml:14:17-82
137            <meta-data
137-->[com.google.firebase:firebase-common:21.0.0] AndroidManifest.xml:35:13-37:85
138                android:name="com.google.firebase.components:com.google.firebase.FirebaseCommonKtxRegistrar"
138-->[com.google.firebase:firebase-common:21.0.0] AndroidManifest.xml:36:17-109
139                android:value="com.google.firebase.components.ComponentRegistrar" />
139-->[com.google.firebase:firebase-common:21.0.0] AndroidManifest.xml:37:17-82
140        </service>
141
142        <activity
142-->[com.google.firebase:firebase-auth:23.0.0] AndroidManifest.xml:29:9-46:20
143            android:name="com.google.firebase.auth.internal.GenericIdpActivity"
143-->[com.google.firebase:firebase-auth:23.0.0] AndroidManifest.xml:30:13-80
144            android:excludeFromRecents="true"
144-->[com.google.firebase:firebase-auth:23.0.0] AndroidManifest.xml:31:13-46
145            android:exported="true"
145-->[com.google.firebase:firebase-auth:23.0.0] AndroidManifest.xml:32:13-36
146            android:launchMode="singleTask"
146-->[com.google.firebase:firebase-auth:23.0.0] AndroidManifest.xml:33:13-44
147            android:theme="@android:style/Theme.Translucent.NoTitleBar" >
147-->[com.google.firebase:firebase-auth:23.0.0] AndroidManifest.xml:34:13-72
148            <intent-filter>
148-->[com.google.firebase:firebase-auth:23.0.0] AndroidManifest.xml:35:13-45:29
149                <action android:name="android.intent.action.VIEW" />
149-->src/main/AndroidManifest.xml:27:17-69
149-->src/main/AndroidManifest.xml:27:25-66
150
151                <category android:name="android.intent.category.DEFAULT" />
151-->src/main/AndroidManifest.xml:28:17-76
151-->src/main/AndroidManifest.xml:28:27-73
152                <category android:name="android.intent.category.BROWSABLE" />
152-->[com.google.firebase:firebase-auth:23.0.0] AndroidManifest.xml:39:17-78
152-->[com.google.firebase:firebase-auth:23.0.0] AndroidManifest.xml:39:27-75
153
154                <data
154-->[com.google.firebase:firebase-auth:23.0.0] AndroidManifest.xml:41:17-44:51
155                    android:host="firebase.auth"
155-->[com.google.firebase:firebase-auth:23.0.0] AndroidManifest.xml:42:21-49
156                    android:path="/"
156-->[com.google.firebase:firebase-auth:23.0.0] AndroidManifest.xml:43:21-37
157                    android:scheme="genericidp" />
157-->[com.google.firebase:firebase-auth:23.0.0] AndroidManifest.xml:44:21-48
158            </intent-filter>
159        </activity>
160        <activity
160-->[com.google.firebase:firebase-auth:23.0.0] AndroidManifest.xml:47:9-64:20
161            android:name="com.google.firebase.auth.internal.RecaptchaActivity"
161-->[com.google.firebase:firebase-auth:23.0.0] AndroidManifest.xml:48:13-79
162            android:excludeFromRecents="true"
162-->[com.google.firebase:firebase-auth:23.0.0] AndroidManifest.xml:49:13-46
163            android:exported="true"
163-->[com.google.firebase:firebase-auth:23.0.0] AndroidManifest.xml:50:13-36
164            android:launchMode="singleTask"
164-->[com.google.firebase:firebase-auth:23.0.0] AndroidManifest.xml:51:13-44
165            android:theme="@android:style/Theme.Translucent.NoTitleBar" >
165-->[com.google.firebase:firebase-auth:23.0.0] AndroidManifest.xml:52:13-72
166            <intent-filter>
166-->[com.google.firebase:firebase-auth:23.0.0] AndroidManifest.xml:53:13-63:29
167                <action android:name="android.intent.action.VIEW" />
167-->src/main/AndroidManifest.xml:27:17-69
167-->src/main/AndroidManifest.xml:27:25-66
168
169                <category android:name="android.intent.category.DEFAULT" />
169-->src/main/AndroidManifest.xml:28:17-76
169-->src/main/AndroidManifest.xml:28:27-73
170                <category android:name="android.intent.category.BROWSABLE" />
170-->[com.google.firebase:firebase-auth:23.0.0] AndroidManifest.xml:39:17-78
170-->[com.google.firebase:firebase-auth:23.0.0] AndroidManifest.xml:39:27-75
171
172                <data
172-->[com.google.firebase:firebase-auth:23.0.0] AndroidManifest.xml:41:17-44:51
173                    android:host="firebase.auth"
173-->[com.google.firebase:firebase-auth:23.0.0] AndroidManifest.xml:42:21-49
174                    android:path="/"
174-->[com.google.firebase:firebase-auth:23.0.0] AndroidManifest.xml:43:21-37
175                    android:scheme="recaptcha" />
175-->[com.google.firebase:firebase-auth:23.0.0] AndroidManifest.xml:44:21-48
176            </intent-filter>
177        </activity>
178
179        <service
179-->[androidx.credentials:credentials-play-services-auth:1.2.0-rc01] AndroidManifest.xml:24:9-32:19
180            android:name="androidx.credentials.playservices.CredentialProviderMetadataHolder"
180-->[androidx.credentials:credentials-play-services-auth:1.2.0-rc01] AndroidManifest.xml:25:13-94
181            android:enabled="true"
181-->[androidx.credentials:credentials-play-services-auth:1.2.0-rc01] AndroidManifest.xml:26:13-35
182            android:exported="false" >
182-->[androidx.credentials:credentials-play-services-auth:1.2.0-rc01] AndroidManifest.xml:27:13-37
183            <meta-data
183-->[androidx.credentials:credentials-play-services-auth:1.2.0-rc01] AndroidManifest.xml:29:13-31:104
184                android:name="androidx.credentials.CREDENTIAL_PROVIDER_KEY"
184-->[androidx.credentials:credentials-play-services-auth:1.2.0-rc01] AndroidManifest.xml:30:17-76
185                android:value="androidx.credentials.playservices.CredentialProviderPlayServicesImpl" />
185-->[androidx.credentials:credentials-play-services-auth:1.2.0-rc01] AndroidManifest.xml:31:17-101
186        </service>
187
188        <activity
188-->[androidx.credentials:credentials-play-services-auth:1.2.0-rc01] AndroidManifest.xml:34:9-41:20
189            android:name="androidx.credentials.playservices.HiddenActivity"
189-->[androidx.credentials:credentials-play-services-auth:1.2.0-rc01] AndroidManifest.xml:35:13-76
190            android:configChanges="orientation|screenSize|screenLayout|keyboardHidden"
190-->[androidx.credentials:credentials-play-services-auth:1.2.0-rc01] AndroidManifest.xml:36:13-87
191            android:enabled="true"
191-->[androidx.credentials:credentials-play-services-auth:1.2.0-rc01] AndroidManifest.xml:37:13-35
192            android:exported="false"
192-->[androidx.credentials:credentials-play-services-auth:1.2.0-rc01] AndroidManifest.xml:38:13-37
193            android:fitsSystemWindows="true"
193-->[androidx.credentials:credentials-play-services-auth:1.2.0-rc01] AndroidManifest.xml:39:13-45
194            android:theme="@style/Theme.Hidden" >
194-->[androidx.credentials:credentials-play-services-auth:1.2.0-rc01] AndroidManifest.xml:40:13-48
195        </activity>
196        <activity
196-->[com.google.android.gms:play-services-auth:21.1.1] AndroidManifest.xml:23:9-27:75
197            android:name="com.google.android.gms.auth.api.signin.internal.SignInHubActivity"
197-->[com.google.android.gms:play-services-auth:21.1.1] AndroidManifest.xml:24:13-93
198            android:excludeFromRecents="true"
198-->[com.google.android.gms:play-services-auth:21.1.1] AndroidManifest.xml:25:13-46
199            android:exported="false"
199-->[com.google.android.gms:play-services-auth:21.1.1] AndroidManifest.xml:26:13-37
200            android:theme="@android:style/Theme.Translucent.NoTitleBar" />
200-->[com.google.android.gms:play-services-auth:21.1.1] AndroidManifest.xml:27:13-72
201        <!--
202            Service handling Google Sign-In user revocation. For apps that do not integrate with
203            Google Sign-In, this service will never be started.
204        -->
205        <service
205-->[com.google.android.gms:play-services-auth:21.1.1] AndroidManifest.xml:33:9-37:51
206            android:name="com.google.android.gms.auth.api.signin.RevocationBoundService"
206-->[com.google.android.gms:play-services-auth:21.1.1] AndroidManifest.xml:34:13-89
207            android:exported="true"
207-->[com.google.android.gms:play-services-auth:21.1.1] AndroidManifest.xml:35:13-36
208            android:permission="com.google.android.gms.auth.api.signin.permission.REVOCATION_NOTIFICATION"
208-->[com.google.android.gms:play-services-auth:21.1.1] AndroidManifest.xml:36:13-107
209            android:visibleToInstantApps="true" /> <!-- Needs to be explicitly declared on P+ -->
209-->[com.google.android.gms:play-services-auth:21.1.1] AndroidManifest.xml:37:13-48
210        <uses-library
210-->[com.google.android.gms:play-services-maps:18.2.0] AndroidManifest.xml:39:9-41:40
211            android:name="org.apache.http.legacy"
211-->[com.google.android.gms:play-services-maps:18.2.0] AndroidManifest.xml:40:13-50
212            android:required="false" />
212-->[com.google.android.gms:play-services-maps:18.2.0] AndroidManifest.xml:41:13-37
213
214        <property
214-->[com.google.android.gms:play-services-measurement-api:22.0.0] AndroidManifest.xml:30:9-32:61
215            android:name="android.adservices.AD_SERVICES_CONFIG"
215-->[com.google.android.gms:play-services-measurement-api:22.0.0] AndroidManifest.xml:31:13-65
216            android:resource="@xml/ga_ad_services_config" />
216-->[com.google.android.gms:play-services-measurement-api:22.0.0] AndroidManifest.xml:32:13-58
217
218        <provider
218-->[com.google.firebase:firebase-common:21.0.0] AndroidManifest.xml:23:9-28:39
219            android:name="com.google.firebase.provider.FirebaseInitProvider"
219-->[com.google.firebase:firebase-common:21.0.0] AndroidManifest.xml:24:13-77
220            android:authorities="kr.ac.gachon.recommendate.firebaseinitprovider"
220-->[com.google.firebase:firebase-common:21.0.0] AndroidManifest.xml:25:13-72
221            android:directBootAware="true"
221-->[com.google.firebase:firebase-common:21.0.0] AndroidManifest.xml:26:13-43
222            android:exported="false"
222-->[com.google.firebase:firebase-common:21.0.0] AndroidManifest.xml:27:13-37
223            android:initOrder="100" />
223-->[com.google.firebase:firebase-common:21.0.0] AndroidManifest.xml:28:13-36
224        <provider
224-->[androidx.emoji2:emoji2:1.2.0] AndroidManifest.xml:24:9-32:20
225            android:name="androidx.startup.InitializationProvider"
225-->[androidx.emoji2:emoji2:1.2.0] AndroidManifest.xml:25:13-67
226            android:authorities="kr.ac.gachon.recommendate.androidx-startup"
226-->[androidx.emoji2:emoji2:1.2.0] AndroidManifest.xml:26:13-68
227            android:exported="false" >
227-->[androidx.emoji2:emoji2:1.2.0] AndroidManifest.xml:27:13-37
228            <meta-data
228-->[androidx.emoji2:emoji2:1.2.0] AndroidManifest.xml:29:13-31:52
229                android:name="androidx.emoji2.text.EmojiCompatInitializer"
229-->[androidx.emoji2:emoji2:1.2.0] AndroidManifest.xml:30:17-75
230                android:value="androidx.startup" />
230-->[androidx.emoji2:emoji2:1.2.0] AndroidManifest.xml:31:17-49
231            <meta-data
231-->[androidx.lifecycle:lifecycle-process:2.6.1] AndroidManifest.xml:29:13-31:52
232                android:name="androidx.lifecycle.ProcessLifecycleInitializer"
232-->[androidx.lifecycle:lifecycle-process:2.6.1] AndroidManifest.xml:30:17-78
233                android:value="androidx.startup" />
233-->[androidx.lifecycle:lifecycle-process:2.6.1] AndroidManifest.xml:31:17-49
234            <meta-data
234-->[androidx.profileinstaller:profileinstaller:1.3.0] AndroidManifest.xml:29:13-31:52
235                android:name="androidx.profileinstaller.ProfileInstallerInitializer"
235-->[androidx.profileinstaller:profileinstaller:1.3.0] AndroidManifest.xml:30:17-85
236                android:value="androidx.startup" />
236-->[androidx.profileinstaller:profileinstaller:1.3.0] AndroidManifest.xml:31:17-49
237        </provider>
238
239        <activity
239-->[com.google.android.gms:play-services-base:18.5.0] AndroidManifest.xml:5:9-173
240            android:name="com.google.android.gms.common.api.GoogleApiActivity"
240-->[com.google.android.gms:play-services-base:18.5.0] AndroidManifest.xml:5:19-85
241            android:exported="false"
241-->[com.google.android.gms:play-services-base:18.5.0] AndroidManifest.xml:5:146-170
242            android:theme="@android:style/Theme.Translucent.NoTitleBar" />
242-->[com.google.android.gms:play-services-base:18.5.0] AndroidManifest.xml:5:86-145
243
244        <receiver
244-->[com.google.android.gms:play-services-measurement:22.0.0] AndroidManifest.xml:29:9-33:20
245            android:name="com.google.android.gms.measurement.AppMeasurementReceiver"
245-->[com.google.android.gms:play-services-measurement:22.0.0] AndroidManifest.xml:30:13-85
246            android:enabled="true"
246-->[com.google.android.gms:play-services-measurement:22.0.0] AndroidManifest.xml:31:13-35
247            android:exported="false" >
247-->[com.google.android.gms:play-services-measurement:22.0.0] AndroidManifest.xml:32:13-37
248        </receiver>
249
250        <service
250-->[com.google.android.gms:play-services-measurement:22.0.0] AndroidManifest.xml:35:9-38:40
251            android:name="com.google.android.gms.measurement.AppMeasurementService"
251-->[com.google.android.gms:play-services-measurement:22.0.0] AndroidManifest.xml:36:13-84
252            android:enabled="true"
252-->[com.google.android.gms:play-services-measurement:22.0.0] AndroidManifest.xml:37:13-35
253            android:exported="false" />
253-->[com.google.android.gms:play-services-measurement:22.0.0] AndroidManifest.xml:38:13-37
254        <service
254-->[com.google.android.gms:play-services-measurement:22.0.0] AndroidManifest.xml:39:9-43:72
255            android:name="com.google.android.gms.measurement.AppMeasurementJobService"
255-->[com.google.android.gms:play-services-measurement:22.0.0] AndroidManifest.xml:40:13-87
256            android:enabled="true"
256-->[com.google.android.gms:play-services-measurement:22.0.0] AndroidManifest.xml:41:13-35
257            android:exported="false"
257-->[com.google.android.gms:play-services-measurement:22.0.0] AndroidManifest.xml:42:13-37
258            android:permission="android.permission.BIND_JOB_SERVICE" />
258-->[com.google.android.gms:play-services-measurement:22.0.0] AndroidManifest.xml:43:13-69
259
260        <uses-library
260-->[androidx.privacysandbox.ads:ads-adservices:1.0.0-beta05] AndroidManifest.xml:23:9-25:40
261            android:name="android.ext.adservices"
261-->[androidx.privacysandbox.ads:ads-adservices:1.0.0-beta05] AndroidManifest.xml:24:13-50
262            android:required="false" />
262-->[androidx.privacysandbox.ads:ads-adservices:1.0.0-beta05] AndroidManifest.xml:25:13-37
263
264        <meta-data
264-->[com.google.android.gms:play-services-basement:18.4.0] AndroidManifest.xml:6:9-122
265            android:name="com.google.android.gms.version"